
  .   ____          _            __ _ _
 /\\ / ___'_ __ _ _(_)_ __  __ _ \ \ \ \
( ( )\___ | '_ | '_| | '_ \/ _` | \ \ \ \
 \\/  ___)| |_)| | | | | || (_| |  ) ) ) )
  '  |____| .__|_| |_|_| |_\__, | / / / /
 =========|_|==============|___/=/_/_/_/
 :: Spring Boot ::        (v2.2.5.RELEASE)

2025-11-06 17:10:27.754  INFO 30192 --- [           main] c.e.demo.SpringShoppingCart2Application  : Starting SpringShoppingCart2Application v0.0.1-SNAPSHOT on UbuntuGoldenOwl with PID 30192 (/projects/shoeshop/target/shoe-ShoppingCart-0.0.1-SNAPSHOT.jar started by root in /projects/shoeshop)
2025-11-06 17:10:27.768  INFO 30192 --- [           main] c.e.demo.SpringShoppingCart2Application  : No active profile set, falling back to default profiles: default
2025-11-06 17:10:29.790  INFO 30192 --- [           main] .s.d.r.c.RepositoryConfigurationDelegate : Bootstrapping Spring Data JPA repositories in DEFAULT mode.
2025-11-06 17:10:29.876  INFO 30192 --- [           main] .s.d.r.c.RepositoryConfigurationDelegate : Finished Spring Data repository scanning in 51ms. Found 0 JPA repository interfaces.
2025-11-06 17:10:32.013  INFO 30192 --- [           main] o.s.b.w.embedded.tomcat.TomcatWebServer  : Tomcat initialized with port(s): 8080 (http)
2025-11-06 17:10:32.054  INFO 30192 --- [           main] o.apache.catalina.core.StandardService   : Starting service [Tomcat]
2025-11-06 17:10:32.054  INFO 30192 --- [           main] org.apache.catalina.core.StandardEngine  : Starting Servlet engine: [Apache Tomcat/9.0.31]
2025-11-06 17:10:32.240  INFO 30192 --- [           main] o.a.c.c.C.[Tomcat].[localhost].[/]       : Initializing Spring embedded WebApplicationContext
2025-11-06 17:10:32.240  INFO 30192 --- [           main] o.s.web.context.ContextLoader            : Root WebApplicationContext: initialization completed in 4314 ms
Loading class `com.mysql.jdbc.Driver'. This is deprecated. The new driver class is `com.mysql.cj.jdbc.Driver'. The driver is automatically registered via the SPI and manual loading of the driver class is generally unnecessary.
## getDataSource: org.springframework.jdbc.datasource.DriverManagerDataSource@6955cb39
2025-11-06 17:10:33.227  INFO 30192 --- [           main] org.hibernate.Version                    : HHH000412: Hibernate ORM core version 5.4.12.Final
2025-11-06 17:10:39.611  INFO 30192 --- [           main] o.hibernate.annotations.common.Version   : HCANN000001: Hibernate Commons Annotations {5.1.0.Final}
2025-11-06 17:10:40.291  INFO 30192 --- [           main] org.hibernate.dialect.Dialect            : HHH000400: Using dialect: org.hibernate.dialect.MySQLDialect
2025-11-06 17:10:42.990  INFO 30192 --- [           main] o.h.e.t.j.p.i.JtaPlatformInitiator       : HHH000490: Using JtaPlatform implementation: [org.hibernate.engine.transaction.jta.platform.internal.NoJtaPlatform]
## getSessionFactory: org.hibernate.internal.SessionFactoryImpl@1a891add
2025-11-06 17:10:43.853  INFO 30192 --- [           main] o.s.s.concurrent.ThreadPoolTaskExecutor  : Initializing ExecutorService 'applicationTaskExecutor'
2025-11-06 17:10:44.055  INFO 30192 --- [           main] o.s.b.a.w.s.WelcomePageHandlerMapping    : Adding welcome page template: index
2025-11-06 17:10:44.622  INFO 30192 --- [           main] o.s.s.web.DefaultSecurityFilterChain     : Creating filter chain: any request, [org.springframework.security.web.context.request.async.WebAsyncManagerIntegrationFilter@6920614, org.springframework.security.web.context.SecurityContextPersistenceFilter@277bf091, org.springframework.security.web.header.HeaderWriterFilter@5d21202d, org.springframework.security.web.authentication.logout.LogoutFilter@48d293ee, org.springframework.security.web.authentication.UsernamePasswordAuthenticationFilter@262816a8, org.springframework.security.web.savedrequest.RequestCacheAwareFilter@6a094db2, org.springframework.security.web.servletapi.SecurityContextHolderAwareRequestFilter@6b2e46af, org.springframework.security.web.authentication.AnonymousAuthenticationFilter@6069dd38, org.springframework.security.web.session.SessionManagementFilter@6eb17ec8, org.springframework.security.web.access.ExceptionTranslationFilter@767191b1, org.springframework.security.web.access.intercept.FilterSecurityInterceptor@31ee2fdb]
2025-11-06 17:10:44.790  INFO 30192 --- [           main] o.s.b.w.embedded.tomcat.TomcatWebServer  : Tomcat started on port(s): 8080 (http) with context path ''
2025-11-06 17:10:44.797  INFO 30192 --- [           main] c.e.demo.SpringShoppingCart2Application  : Started SpringShoppingCart2Application in 18.159 seconds (JVM running for 19.72)
2025-11-06 17:11:16.661  INFO 30192 --- [nio-8080-exec-1] o.a.c.c.C.[Tomcat].[localhost].[/]       : Initializing Spring DispatcherServlet 'dispatcherServlet'
2025-11-06 17:11:16.667  INFO 30192 --- [nio-8080-exec-1] o.s.web.servlet.DispatcherServlet        : Initializing Servlet 'dispatcherServlet'
2025-11-06 17:11:16.677  INFO 30192 --- [nio-8080-exec-1] o.s.web.servlet.DispatcherServlet        : Completed initialization in 10 ms
2025-11-06 17:11:45.029  INFO 30192 --- [extShutdownHook] o.s.s.concurrent.ThreadPoolTaskExecutor  : Shutting down ExecutorService 'applicationTaskExecutor'
